<?xml version="1.0" encoding="UTF-8"?>
<!-- Generated by org.testng.reporters.JUnitXMLReporter -->
<testsuite ignored="0" hostname="sudio.local" failures="0" tests="5" name="Full-Integration-Tests" time="0.105" errors="0" timestamp="2025-09-01T14:03:15 CST">
  <testcase classname="com.ljwx.test.integration.FullSystemIntegrationTest" name="testSystemBasicAvailability" time="0.0">
    <skipped/>
  </testcase> <!-- testSystemBasicAvailability -->
  <testcase classname="com.ljwx.test.integration.FullSystemIntegrationTest" name="testEndToEndBusinessFlow" time="0.0">
    <skipped/>
  </testcase> <!-- testEndToEndBusinessFlow -->
  <testcase classname="com.ljwx.test.integration.FullSystemIntegrationTest" name="testConcurrentPermissionIsolation" time="0.0">
    <skipped/>
  </testcase> <!-- testConcurrentPermissionIsolation -->
  <testcase classname="com.ljwx.test.integration.FullSystemIntegrationTest" name="testDataConsistencyAndIntegrity" time="0.0">
    <skipped/>
  </testcase> <!-- testDataConsistencyAndIntegrity -->
  <testcase classname="com.ljwx.test.integration.FullSystemIntegrationTest" name="testPerformanceOptimization" time="0.0">
    <skipped/>
  </testcase> <!-- testPerformanceOptimization -->
</testsuite> <!-- Full-Integration-Tests -->
