<?xml version="1.0" encoding="UTF-8"?>
<!-- Generated by org.testng.reporters.JUnitReportReporter -->
<testsuite hostname="sudio.local" failures="0" tests="3" name="com.ljwx.test.api.ComprehensiveApiTest" time="0.763" errors="0" timestamp="2025-09-01T14:03:15 CST" skipped="0">
  <testcase classname="com.ljwx.test.api.ComprehensiveApiTest" name="testAdminAccessAllApis" time="0.464"/>
  <testcase classname="com.ljwx.test.api.ComprehensiveApiTest" name="testTenantAdminAccessTenantApis" time="0.228"/>
  <testcase classname="com.ljwx.test.api.ComprehensiveApiTest" name="testSpecialParameterApis" time="0.071"/>
</testsuite> <!-- com.ljwx.test.api.ComprehensiveApiTest -->
