<?xml version="1.0" encoding="UTF-8"?>
<!-- Generated by org.testng.reporters.JUnitReportReporter -->
<testsuite hostname="sudio.local" failures="1" tests="11" name="com.ljwx.test.admin.AdminFunctionalityTest" time="0.680" errors="0" timestamp="2025-09-01T14:03:15 CST" skipped="0">
  <testcase classname="com.ljwx.test.admin.AdminFunctionalityTest" name="testAdminLogin" time="0.000"/>
  <testcase classname="com.ljwx.test.admin.AdminFunctionalityTest" name="testAdminDashboardAccess" time="0.164"/>
  <testcase classname="com.ljwx.test.admin.AdminFunctionalityTest" name="testAdminTenantManagement" time="0.029"/>
  <testcase classname="com.ljwx.test.admin.AdminFunctionalityTest" name="testAdminOrgAndPositionManagement" time="0.081"/>
  <testcase classname="com.ljwx.test.admin.AdminFunctionalityTest" name="testAdminUserManagement" time="0.068"/>
  <testcase classname="com.ljwx.test.admin.AdminFunctionalityTest" name="testAdminDeviceManagement" time="0.054"/>
  <testcase classname="com.ljwx.test.admin.AdminFunctionalityTest" name="testAdminMessageManagement" time="0.055"/>
  <testcase classname="com.ljwx.test.admin.AdminFunctionalityTest" name="testAdminAlertManagement" time="0.119"/>
  <testcase classname="com.ljwx.test.admin.AdminFunctionalityTest" name="testAdminHealthDataManagement" time="0.046"/>
  <testcase classname="com.ljwx.test.admin.AdminFunctionalityTest" name="testAdminInterfaceAndHealthConfig" time="0.045"/>
  <testcase classname="com.ljwx.test.admin.AdminFunctionalityTest" name="testAdminCrossTenantAccess" time="0.019">
    <failure message="响应code应该为200或0，实际: 500，响应: {&quot;code&quot;:500,&quot;message&quot;:&quot;服务器错误&quot;,&quot;data&quot;:{},&quot;timestamp&quot;:1756706593401} expected [true] but found [false]" type="java.lang.AssertionError">
      <![CDATA[java.lang.AssertionError: 响应code应该为200或0，实际: 500，响应: {"code":500,"message":"服务器错误","data":{},"timestamp":1756706593401} expected [true] but found [false]
at org.testng.Assert.fail(Assert.java:111)
at org.testng.Assert.failNotEquals(Assert.java:1578)
at org.testng.Assert.assertTrue(Assert.java:57)
at com.ljwx.test.base.BaseApiTest.verifySuccess(BaseApiTest.java:175)
at com.ljwx.test.admin.AdminFunctionalityTest.testAdminCrossTenantAccess(AdminFunctionalityTest.java:303)
at java.base/jdk.internal.reflect.DirectMethodHandleAccessor.invoke(DirectMethodHandleAccessor.java:103)
at java.base/java.lang.reflect.Method.invoke(Method.java:580)
at org.testng.internal.invokers.MethodInvocationHelper.invokeMethod(MethodInvocationHelper.java:139)
at org.testng.internal.invokers.TestInvoker.invokeMethod(TestInvoker.java:664)
at org.testng.internal.invokers.TestInvoker.invokeTestMethod(TestInvoker.java:227)
at org.testng.internal.invokers.MethodRunner.runInSequence(MethodRunner.java:50)
at org.testng.internal.invokers.TestInvoker$MethodInvocationAgent.invoke(TestInvoker.java:957)
at org.testng.internal.invokers.TestInvoker.invokeTestMethods(TestInvoker.java:200)
at org.testng.internal.invokers.TestMethodWorker.invokeTestMethods(TestMethodWorker.java:148)
at org.testng.internal.invokers.TestMethodWorker.run(TestMethodWorker.java:128)
at java.base/java.util.ArrayList.forEach(ArrayList.java:1596)
at org.testng.TestRunner.privateRun(TestRunner.java:848)
at org.testng.TestRunner.run(TestRunner.java:621)
at org.testng.SuiteRunner.runTest(SuiteRunner.java:443)
at org.testng.SuiteRunner.runSequentially(SuiteRunner.java:437)
at org.testng.SuiteRunner.privateRun(SuiteRunner.java:397)
at org.testng.SuiteRunner.run(SuiteRunner.java:336)
at org.testng.SuiteRunnerWorker.runSuite(SuiteRunnerWorker.java:52)
at org.testng.SuiteRunnerWorker.run(SuiteRunnerWorker.java:95)
at org.testng.TestNG.runSuitesSequentially(TestNG.java:1280)
at org.testng.TestNG.runSuitesLocally(TestNG.java:1200)
at org.testng.TestNG.runSuites(TestNG.java:1114)
at org.testng.TestNG.run(TestNG.java:1082)
at org.apache.maven.surefire.testng.TestNGExecutor.run(TestNGExecutor.java:308)
at org.apache.maven.surefire.testng.TestNGXmlTestSuite.execute(TestNGXmlTestSuite.java:71)
at org.apache.maven.surefire.testng.TestNGProvider.invoke(TestNGProvider.java:113)
at org.apache.maven.surefire.booter.ForkedBooter.runSuitesInProcess(ForkedBooter.java:385)
at org.apache.maven.surefire.booter.ForkedBooter.execute(ForkedBooter.java:162)
at org.apache.maven.surefire.booter.ForkedBooter.run(ForkedBooter.java:507)
at org.apache.maven.surefire.booter.ForkedBooter.main(ForkedBooter.java:495)
]]>
    </failure>
  </testcase> <!-- testAdminCrossTenantAccess -->
</testsuite> <!-- com.ljwx.test.admin.AdminFunctionalityTest -->
