<?xml version="1.0" encoding="UTF-8"?>
<!-- Generated by org.testng.reporters.JUnitXMLReporter -->
<testsuite ignored="0" hostname="sudio.local" failures="0" tests="5" name="Surefire test" time="1.232" errors="0" timestamp="2025-09-01T13:40:44 CST">
  <testcase classname="com.ljwx.test.auth.AuthenticationTest" name="testAdminLoginAuthentication" time="0.792"/>
  <testcase classname="com.ljwx.test.auth.AuthenticationTest" name="testTokenValidity" time="0.157"/>
  <testcase classname="com.ljwx.test.auth.AuthenticationTest" name="testUnauthorizedAccess" time="0.021"/>
  <testcase classname="com.ljwx.test.auth.AuthenticationTest" name="testInvalidTokenAccess" time="0.015"/>
  <testcase classname="com.ljwx.test.auth.AuthenticationTest" name="testLoginParameterValidation" time="0.07"/>
</testsuite> <!-- Surefire test -->
