<?xml version="1.0" encoding="UTF-8"?>
<!-- Generated by org.testng.reporters.JUnitXMLReporter -->
<testsuite ignored="0" hostname="sudio.local" failures="1" tests="11" name="Admin-Functionality-Tests" time="0.73" errors="0" timestamp="2025-09-01T14:03:13 CST">
  <testcase classname="com.ljwx.test.admin.AdminFunctionalityTest" name="testAdminLogin" time="0.0"/>
  <testcase classname="com.ljwx.test.admin.AdminFunctionalityTest" name="testAdminDashboardAccess" time="0.164"/>
  <testcase classname="com.ljwx.test.admin.AdminFunctionalityTest" name="testAdminTenantManagement" time="0.029"/>
  <testcase classname="com.ljwx.test.admin.AdminFunctionalityTest" name="testAdminOrgAndPositionManagement" time="0.081"/>
  <testcase classname="com.ljwx.test.admin.AdminFunctionalityTest" name="testAdminUserManagement" time="0.068"/>
  <testcase classname="com.ljwx.test.admin.AdminFunctionalityTest" name="testAdminDeviceManagement" time="0.054"/>
  <testcase classname="com.ljwx.test.admin.AdminFunctionalityTest" name="testAdminMessageManagement" time="0.055"/>
  <testcase classname="com.ljwx.test.admin.AdminFunctionalityTest" name="testAdminAlertManagement" time="0.119"/>
  <testcase classname="com.ljwx.test.admin.AdminFunctionalityTest" name="testAdminHealthDataManagement" time="0.046"/>
  <testcase classname="com.ljwx.test.admin.AdminFunctionalityTest" name="testAdminInterfaceAndHealthConfig" time="0.045"/>
  <testcase classname="com.ljwx.test.admin.AdminFunctionalityTest" name="testAdminCrossTenantAccess" time="0.019">
    <failure type="java.lang.AssertionError" message="响应code应该为200或0，实际: 500，响应: {&amp;quot;code&amp;quot;:500,&amp;quot;message&amp;quot;:&amp;quot;服务器错误&amp;quot;,&amp;quot;data&amp;quot;:{},&amp;quot;timestamp&amp;quot;:1756706593401} expected [true] but found [false]">
      <![CDATA[java.lang.AssertionError: 响应code应该为200或0，实际: 500，响应: {"code":500,"message":"服务器错误","data":{},"timestamp":1756706593401} expected [true] but found [false]
at com.ljwx.test.base.BaseApiTest.verifySuccess(BaseApiTest.java:175)
at com.ljwx.test.admin.AdminFunctionalityTest.testAdminCrossTenantAccess(AdminFunctionalityTest.java:303)
at java.base/java.util.ArrayList.forEach(ArrayList.java:1596)
... Removed 32 stack frames]]>
    </failure>
  </testcase> <!-- testAdminCrossTenantAccess -->
</testsuite> <!-- Admin-Functionality-Tests -->
