<?xml version="1.0" encoding="UTF-8"?>
<!-- Generated by org.testng.reporters.JUnitXMLReporter -->
<testsuite ignored="0" hostname="sudio.local" failures="7" tests="7" name="Permission-Isolation-Tests" time="0.522" errors="0" timestamp="2025-09-01T14:03:14 CST">
  <testcase classname="com.ljwx.test.permission.PermissionIsolationTest" name="testAdminGlobalDataAccess" time="0.05">
    <failure type="java.lang.AssertionError" message="响应code应该为200或0，实际: 500，响应: {&amp;quot;code&amp;quot;:500,&amp;quot;message&amp;quot;:&amp;quot;服务器错误&amp;quot;,&amp;quot;data&amp;quot;:{},&amp;quot;timestamp&amp;quot;:1756706593675} expected [true] but found [false]">
      <![CDATA[java.lang.AssertionError: 响应code应该为200或0，实际: 500，响应: {"code":500,"message":"服务器错误","data":{},"timestamp":1756706593675} expected [true] but found [false]
at com.ljwx.test.base.BaseApiTest.verifySuccess(BaseApiTest.java:175)
at com.ljwx.test.permission.PermissionIsolationTest.testAdminGlobalDataAccess(PermissionIsolationTest.java:35)
at java.base/java.util.ArrayList.forEach(ArrayList.java:1596)
... Removed 32 stack frames]]>
    </failure>
  </testcase> <!-- testAdminGlobalDataAccess -->
  <testcase classname="com.ljwx.test.permission.PermissionIsolationTest" name="testTenantAdminDataIsolation" time="0.044">
    <failure type="java.lang.AssertionError" message="响应code应该为200或0，实际: 400，响应: {&amp;quot;code&amp;quot;:400,&amp;quot;message&amp;quot;:&amp;quot;无权访问 sys:user:page&amp;quot;,&amp;quot;data&amp;quot;:{},&amp;quot;timestamp&amp;quot;:1756706593720} expected [true] but found [false]">
      <![CDATA[java.lang.AssertionError: 响应code应该为200或0，实际: 400，响应: {"code":400,"message":"无权访问 sys:user:page","data":{},"timestamp":1756706593720} expected [true] but found [false]
at com.ljwx.test.base.BaseApiTest.verifySuccess(BaseApiTest.java:175)
at com.ljwx.test.permission.PermissionIsolationTest.testTenantAdminDataIsolation(PermissionIsolationTest.java:79)
at java.base/java.util.ArrayList.forEach(ArrayList.java:1596)
... Removed 32 stack frames]]>
    </failure>
  </testcase> <!-- testTenantAdminDataIsolation -->
  <testcase classname="com.ljwx.test.permission.PermissionIsolationTest" name="testCrossTenantAccessDenial" time="0.058">
    <failure type="java.lang.NullPointerException" message="Cannot invoke &amp;quot;java.util.List.isEmpty()&amp;quot; because the return value of &amp;quot;io.restassured.path.json.JsonPath.getList(String)&amp;quot; is null">
      <![CDATA[java.lang.NullPointerException: Cannot invoke "java.util.List.isEmpty()" because the return value of "io.restassured.path.json.JsonPath.getList(String)" is null
at com.ljwx.test.permission.PermissionIsolationTest.testCrossTenantAccessDenial(PermissionIsolationTest.java:156)
at java.base/java.util.ArrayList.forEach(ArrayList.java:1596)
... Removed 29 stack frames]]>
    </failure>
  </testcase> <!-- testCrossTenantAccessDenial -->
  <testcase classname="com.ljwx.test.permission.PermissionIsolationTest" name="testParameterBoundarySecurity" time="0.043">
    <failure type="java.lang.NullPointerException" message="Cannot invoke &amp;quot;java.util.List.isEmpty()&amp;quot; because the return value of &amp;quot;io.restassured.path.json.JsonPath.getList(String)&amp;quot; is null">
      <![CDATA[java.lang.NullPointerException: Cannot invoke "java.util.List.isEmpty()" because the return value of "io.restassured.path.json.JsonPath.getList(String)" is null
at com.ljwx.test.permission.PermissionIsolationTest.testParameterBoundarySecurity(PermissionIsolationTest.java:179)
at java.base/java.util.ArrayList.forEach(ArrayList.java:1596)
... Removed 29 stack frames]]>
    </failure>
  </testcase> <!-- testParameterBoundarySecurity -->
  <testcase classname="com.ljwx.test.permission.PermissionIsolationTest" name="testOrganizationPermissionIsolation" time="0.102">
    <failure type="java.lang.AssertionError" message="响应code应该为200或0，实际: 400，响应: {&amp;quot;code&amp;quot;:400,&amp;quot;message&amp;quot;:&amp;quot;无权访问 sys:org:units:tree&amp;quot;,&amp;quot;data&amp;quot;:{},&amp;quot;timestamp&amp;quot;:1756706593923} expected [true] but found [false]">
      <![CDATA[java.lang.AssertionError: 响应code应该为200或0，实际: 400，响应: {"code":400,"message":"无权访问 sys:org:units:tree","data":{},"timestamp":1756706593923} expected [true] but found [false]
at com.ljwx.test.base.BaseApiTest.verifySuccess(BaseApiTest.java:175)
at com.ljwx.test.permission.PermissionIsolationTest.testOrganizationPermissionIsolation(PermissionIsolationTest.java:221)
at java.base/java.util.ArrayList.forEach(ArrayList.java:1596)
... Removed 32 stack frames]]>
    </failure>
  </testcase> <!-- testOrganizationPermissionIsolation -->
  <testcase classname="com.ljwx.test.permission.PermissionIsolationTest" name="testHealthDataAccessPermission" time="0.113">
    <failure type="java.lang.AssertionError" message="响应code应该为200或0，实际: 400，响应: {&amp;quot;code&amp;quot;:400,&amp;quot;message&amp;quot;:&amp;quot;无权访问 t:health:data:config:page&amp;quot;,&amp;quot;data&amp;quot;:{},&amp;quot;timestamp&amp;quot;:1756706594037} expected [true] but found [false]">
      <![CDATA[java.lang.AssertionError: 响应code应该为200或0，实际: 400，响应: {"code":400,"message":"无权访问 t:health:data:config:page","data":{},"timestamp":1756706594037} expected [true] but found [false]
at com.ljwx.test.base.BaseApiTest.verifySuccess(BaseApiTest.java:175)
at com.ljwx.test.permission.PermissionIsolationTest.testHealthDataAccessPermission(PermissionIsolationTest.java:287)
at java.base/java.util.ArrayList.forEach(ArrayList.java:1596)
... Removed 32 stack frames]]>
    </failure>
  </testcase> <!-- testHealthDataAccessPermission -->
  <testcase classname="com.ljwx.test.permission.PermissionIsolationTest" name="testWechatConfigPermissionManagement" time="0.109">
    <failure type="java.lang.AssertionError" message="响应code应该为200或0，实际: 400，响应: {&amp;quot;code&amp;quot;:400,&amp;quot;message&amp;quot;:&amp;quot;无权访问 t:wechat:alarm:config:page&amp;quot;,&amp;quot;data&amp;quot;:{},&amp;quot;timestamp&amp;quot;:1756706594147} expected [true] but found [false]">
      <![CDATA[java.lang.AssertionError: 响应code应该为200或0，实际: 400，响应: {"code":400,"message":"无权访问 t:wechat:alarm:config:page","data":{},"timestamp":1756706594147} expected [true] but found [false]
at com.ljwx.test.base.BaseApiTest.verifySuccess(BaseApiTest.java:175)
at com.ljwx.test.permission.PermissionIsolationTest.testWechatConfigPermissionManagement(PermissionIsolationTest.java:339)
at java.base/java.util.ArrayList.forEach(ArrayList.java:1596)
... Removed 32 stack frames]]>
    </failure>
  </testcase> <!-- testWechatConfigPermissionManagement -->
</testsuite> <!-- Permission-Isolation-Tests -->
