<?xml version="1.0" encoding="UTF-8"?>
<testsuite xmlns:xsi="http://www.w3.org/2001/XMLSchema-instance" xsi:noNamespaceSchemaLocation="https://maven.apache.org/surefire/maven-surefire-plugin/xsd/surefire-test-report-3.0.xsd" version="3.0" name="com.ljwx.test.auth.AuthenticationTest" time="1.423" tests="5" errors="0" skipped="0" failures="0">
  <properties>
[...]
</properties>
  <testcase name="testAdminLoginAuthentication" classname="com.ljwx.test.auth.AuthenticationTest" time="0.793">
    <system-err><![CDATA[SLF4J: Failed to load class "org.slf4j.impl.StaticLoggerBinder".
SLF4J: Defaulting to no-operation (NOP) logger implementation
SLF4J: See http://www.slf4j.org/codes.html#StaticLoggerBinder for further details.
]]></system-err>
  </testcase>
  <testcase name="testTokenValidity" classname="com.ljwx.test.auth.AuthenticationTest" time="0.157"/>
  <testcase name="testUnauthorizedAccess" classname="com.ljwx.test.auth.AuthenticationTest" time="0.021"/>
  <testcase name="testInvalidTokenAccess" classname="com.ljwx.test.auth.AuthenticationTest" time="0.016"/>
  <testcase name="testLoginParameterValidation" classname="com.ljwx.test.auth.AuthenticationTest" time="0.07"/>
</testsuite>