<?xml version="1.0" encoding="UTF-8"?>
<!-- Generated by org.testng.reporters.JUnitReportReporter -->
<testsuite hostname="sudio.local" failures="0" tests="5" name="com.ljwx.test.auth.AuthenticationTest" time="1.073" errors="0" timestamp="2025-09-01T14:03:15 CST" skipped="0">
  <testcase classname="com.ljwx.test.auth.AuthenticationTest" name="testAdminLoginAuthentication" time="0.830"/>
  <testcase classname="com.ljwx.test.auth.AuthenticationTest" name="testTokenValidity" time="0.151"/>
  <testcase classname="com.ljwx.test.auth.AuthenticationTest" name="testUnauthorizedAccess" time="0.021"/>
  <testcase classname="com.ljwx.test.auth.AuthenticationTest" name="testInvalidTokenAccess" time="0.017"/>
  <testcase classname="com.ljwx.test.auth.AuthenticationTest" name="testLoginParameterValidation" time="0.054"/>
</testsuite> <!-- com.ljwx.test.auth.AuthenticationTest -->
