<?xml version="1.0" encoding="UTF-8"?>
<!-- Generated by org.testng.reporters.JUnitReportReporter -->
<testsuite hostname="sudio.local" failures="0" tests="6" name="com.ljwx.test.integration.FullSystemIntegrationTest" time="0.103" errors="1" timestamp="2025-09-01T14:03:15 CST" skipped="5">
  <testcase classname="com.ljwx.test.integration.FullSystemIntegrationTest" name="setup" time="0.103">
    <error message="Unknown column &#039;contact_person&#039; in &#039;field list&#039;" type="java.sql.SQLSyntaxErrorException">
      <![CDATA[java.sql.SQLSyntaxErrorException: Unknown column 'contact_person' in 'field list'
at com.mysql.cj.jdbc.exceptions.SQLError.createSQLException(SQLError.java:121)
at com.mysql.cj.jdbc.exceptions.SQLExceptionsMapping.translateException(SQLExceptionsMapping.java:122)
at com.mysql.cj.jdbc.ClientPreparedStatement.executeInternal(ClientPreparedStatement.java:916)
at com.mysql.cj.jdbc.ClientPreparedStatement.executeUpdateInternal(ClientPreparedStatement.java:1061)
at com.mysql.cj.jdbc.ClientPreparedStatement.executeUpdateInternal(ClientPreparedStatement.java:1009)
at com.mysql.cj.jdbc.ClientPreparedStatement.executeLargeUpdate(ClientPreparedStatement.java:1320)
at com.mysql.cj.jdbc.ClientPreparedStatement.executeUpdate(ClientPreparedStatement.java:994)
at com.ljwx.test.data.TestDataManager.executeUpdate(TestDataManager.java:352)
at com.ljwx.test.data.TestDataManager.prepareTenantData(TestDataManager.java:118)
at com.ljwx.test.data.TestDataManager.prepareTestData(TestDataManager.java:38)
at com.ljwx.test.integration.FullSystemIntegrationTest.setup(FullSystemIntegrationTest.java:30)
at java.base/jdk.internal.reflect.DirectMethodHandleAccessor.invoke(DirectMethodHandleAccessor.java:103)
at java.base/java.lang.reflect.Method.invoke(Method.java:580)
at org.testng.internal.invokers.MethodInvocationHelper.invokeMethod(MethodInvocationHelper.java:139)
at org.testng.internal.invokers.MethodInvocationHelper.invokeMethodConsideringTimeout(MethodInvocationHelper.java:69)
at org.testng.internal.invokers.ConfigInvoker.invokeConfigurationMethod(ConfigInvoker.java:390)
at org.testng.internal.invokers.ConfigInvoker.invokeConfigurations(ConfigInvoker.java:325)
at org.testng.internal.invokers.TestMethodWorker.invokeBeforeClassMethods(TestMethodWorker.java:180)
at org.testng.internal.invokers.TestMethodWorker.run(TestMethodWorker.java:122)
at java.base/java.util.ArrayList.forEach(ArrayList.java:1596)
at org.testng.TestRunner.privateRun(TestRunner.java:848)
at org.testng.TestRunner.run(TestRunner.java:621)
at org.testng.SuiteRunner.runTest(SuiteRunner.java:443)
at org.testng.SuiteRunner.runSequentially(SuiteRunner.java:437)
at org.testng.SuiteRunner.privateRun(SuiteRunner.java:397)
at org.testng.SuiteRunner.run(SuiteRunner.java:336)
at org.testng.SuiteRunnerWorker.runSuite(SuiteRunnerWorker.java:52)
at org.testng.SuiteRunnerWorker.run(SuiteRunnerWorker.java:95)
at org.testng.TestNG.runSuitesSequentially(TestNG.java:1280)
at org.testng.TestNG.runSuitesLocally(TestNG.java:1200)
at org.testng.TestNG.runSuites(TestNG.java:1114)
at org.testng.TestNG.run(TestNG.java:1082)
at org.apache.maven.surefire.testng.TestNGExecutor.run(TestNGExecutor.java:308)
at org.apache.maven.surefire.testng.TestNGXmlTestSuite.execute(TestNGXmlTestSuite.java:71)
at org.apache.maven.surefire.testng.TestNGProvider.invoke(TestNGProvider.java:113)
at org.apache.maven.surefire.booter.ForkedBooter.runSuitesInProcess(ForkedBooter.java:385)
at org.apache.maven.surefire.booter.ForkedBooter.execute(ForkedBooter.java:162)
at org.apache.maven.surefire.booter.ForkedBooter.run(ForkedBooter.java:507)
at org.apache.maven.surefire.booter.ForkedBooter.main(ForkedBooter.java:495)
]]>
    </error>
  </testcase> <!-- setup -->
  <testcase classname="com.ljwx.test.integration.FullSystemIntegrationTest" name="testSystemBasicAvailability" time="0.000">
    <skipped/>
  </testcase> <!-- testSystemBasicAvailability -->
  <testcase classname="com.ljwx.test.integration.FullSystemIntegrationTest" name="testEndToEndBusinessFlow" time="0.000">
    <skipped/>
  </testcase> <!-- testEndToEndBusinessFlow -->
  <testcase classname="com.ljwx.test.integration.FullSystemIntegrationTest" name="testConcurrentPermissionIsolation" time="0.000">
    <skipped/>
  </testcase> <!-- testConcurrentPermissionIsolation -->
  <testcase classname="com.ljwx.test.integration.FullSystemIntegrationTest" name="testDataConsistencyAndIntegrity" time="0.000">
    <skipped/>
  </testcase> <!-- testDataConsistencyAndIntegrity -->
  <testcase classname="com.ljwx.test.integration.FullSystemIntegrationTest" name="testPerformanceOptimization" time="0.000">
    <skipped/>
  </testcase> <!-- testPerformanceOptimization -->
</testsuite> <!-- com.ljwx.test.integration.FullSystemIntegrationTest -->
